#! /usr/local/bin/vvp
:ivl_version "12.0 (devel)" "(s20150603-1127-gcf0bf4d9)";
:ivl_delay_selection "TYPICAL";
:vpi_time_precision + 0;
:vpi_module "/usr/local/lib/ivl/system.vpi";
:vpi_module "/usr/local/lib/ivl/vhdl_sys.vpi";
:vpi_module "/usr/local/lib/ivl/vhdl_textio.vpi";
:vpi_module "/usr/local/lib/ivl/v2005_math.vpi";
:vpi_module "/usr/local/lib/ivl/va_math.vpi";
S_0x7fffe9223410 .scope module, "tinycpu_test" "tinycpu_test" 2 1;
 .timescale 0 0;
v0x7fffe924bfb0_0 .net "abus", 11 0, v0x7fffe924a790_0;  1 drivers
v0x7fffe924c090_0 .var "clk", 0 0;
v0x7fffe924c150_0 .net "cs", 2 0, v0x7fffe9249870_0;  1 drivers
RS_0x7f5437830288 .resolv tri, L_0x7fffe925d4a0, L_0x7fffe925d5e0, L_0x7fffe925d6b0, L_0x7fffe925d810, L_0x7fffe925d930;
v0x7fffe924c270_0 .net8 "dbus", 15 0, RS_0x7f5437830288;  5 drivers
v0x7fffe924c310_0 .var "in", 15 0;
v0x7fffe924c420_0 .net "irout", 15 0, v0x7fffe92466b0_0;  1 drivers
v0x7fffe924c510_0 .net "out", 15 0, v0x7fffe9246eb0_0;  1 drivers
v0x7fffe924c620_0 .net "pcout", 11 0, v0x7fffe92477d0_0;  1 drivers
v0x7fffe9248ed0_0 .array/port v0x7fffe9248ed0, 0;
v0x7fffe924c730_0 .net "qtop", 15 0, v0x7fffe9248ed0_0;  1 drivers
v0x7fffe924c880_0 .var "reset", 0 0;
v0x7fffe924c920_0 .var "run", 0 0;
S_0x7fffe9222b70 .scope module, "tinycpu" "tinycpu" 2 9, 3 3 0, S_0x7fffe9223410;
 .timescale 0 0;
    .port_info 0 /INPUT 1 "clk";
    .port_info 1 /INPUT 1 "reset";
    .port_info 2 /INPUT 1 "run";
    .port_info 3 /INPUT 16 "in";
    .port_info 4 /OUTPUT 3 "cs";
    .port_info 5 /OUTPUT 12 "pcout";
    .port_info 6 /OUTPUT 16 "irout";
    .port_info 7 /OUTPUT 16 "qtop";
    .port_info 8 /OUTPUT 12 "abus";
    .port_info 9 /OUTPUT 16 "dbus";
    .port_info 10 /OUTPUT 16 "out";
L_0x7f54377e0018 .functor BUFT 1, C4<00000000000000000000000000000000>, C4<0>, C4<0>, C4<0>;
v0x7fffe9249d60_0 .net/2s *"_ivl_0", 31 0, L_0x7f54377e0018;  1 drivers
v0x7fffe9249e60_0 .net *"_ivl_11", 0 0, L_0x7fffe925cfe0;  1 drivers
v0x7fffe9249f40_0 .net *"_ivl_12", 3 0, L_0x7fffe925d140;  1 drivers
v0x7fffe924a000_0 .net *"_ivl_15", 11 0, L_0x7fffe925d2d0;  1 drivers
v0x7fffe924a0e0_0 .net *"_ivl_16", 15 0, L_0x7fffe925d3b0;  1 drivers
o0x7f5437831038 .functor BUFZ 16, C4<zzzzzzzzzzzzzzzz>; HiZ drive
; Elide local net with no drivers, v0x7fffe924a1c0_0 name=_ivl_18
o0x7f5437831068 .functor BUFZ 16, C4<zzzzzzzzzzzzzzzz>; HiZ drive
; Elide local net with no drivers, v0x7fffe924a2a0_0 name=_ivl_22
o0x7f5437831098 .functor BUFZ 16, C4<zzzzzzzzzzzzzzzz>; HiZ drive
; Elide local net with no drivers, v0x7fffe924a380_0 name=_ivl_26
o0x7f54378310c8 .functor BUFZ 16, C4<zzzzzzzzzzzzzzzz>; HiZ drive
; Elide local net with no drivers, v0x7fffe924a460_0 name=_ivl_30
o0x7f54378310f8 .functor BUFZ 16, C4<zzzzzzzzzzzzzzzz>; HiZ drive
; Elide local net with no drivers, v0x7fffe924a5d0_0 name=_ivl_34
L_0x7f54377e00f0 .functor BUFT 1, C4<00000000000000000000000000000000>, C4<0>, C4<0>, C4<0>;
v0x7fffe924a6b0_0 .net/2s *"_ivl_6", 31 0, L_0x7f54377e00f0;  1 drivers
v0x7fffe924a790_0 .var "abus", 11 0;
v0x7fffe924a850_0 .var "abus2pc", 0 0;
v0x7fffe924a8f0_0 .var "alu2dbus", 0 0;
v0x7fffe924a990_0 .net "aluout", 15 0, v0x7fffe9222100_0;  1 drivers
v0x7fffe924aa50_0 .net "clk", 0 0, v0x7fffe924c090_0;  1 drivers
v0x7fffe924aaf0_0 .var "cont", 0 0;
v0x7fffe924abc0_0 .net "cs", 2 0, v0x7fffe9249870_0;  alias, 1 drivers
v0x7fffe924ac90_0 .net8 "dbus", 15 0, RS_0x7f5437830288;  alias, 5 drivers
v0x7fffe924ad30_0 .var "dbus2ir", 0 0;
v0x7fffe924ae00_0 .var "dbus2obuf", 0 0;
v0x7fffe924aed0_0 .var "dbus2qtop", 0 0;
v0x7fffe924afa0_0 .var "dbus2ram", 0 0;
v0x7fffe924b070_0 .var "halt", 0 0;
v0x7fffe924b140_0 .net "in", 15 0, v0x7fffe924c310_0;  1 drivers
v0x7fffe924b1e0_0 .var "in2dbus", 0 0;
v0x7fffe924b280_0 .var "ir2abus", 0 0;
v0x7fffe924b320_0 .var "ir2dbus", 0 0;
v0x7fffe924b3c0_0 .net "irout", 15 0, v0x7fffe92466b0_0;  alias, 1 drivers
v0x7fffe924b490_0 .net "out", 15 0, v0x7fffe9246eb0_0;  alias, 1 drivers
v0x7fffe924b560_0 .var "pc2abus", 0 0;
v0x7fffe924b600_0 .var "pcinc", 0 0;
v0x7fffe924b6d0_0 .net "pcout", 11 0, v0x7fffe92477d0_0;  alias, 1 drivers
v0x7fffe924b7a0_0 .var "pop", 0 0;
v0x7fffe924b870_0 .var "push", 0 0;
v0x7fffe9248ed0_1 .array/port v0x7fffe9248ed0, 1;
v0x7fffe924b940_0 .net "qnext", 15 0, v0x7fffe9248ed0_1;  1 drivers
v0x7fffe924b9e0_0 .net "qtop", 15 0, v0x7fffe9248ed0_0;  alias, 1 drivers
v0x7fffe924bad0_0 .var "qtop2dbus", 0 0;
v0x7fffe924bb70_0 .var "ram2dbus", 0 0;
v0x7fffe924bc30_0 .net "ramout", 15 0, v0x7fffe9248530_0;  1 drivers
v0x7fffe924bcf0_0 .net "reset", 0 0, v0x7fffe924c880_0;  1 drivers
v0x7fffe924bd90_0 .net "run", 0 0, v0x7fffe924c920_0;  1 drivers
E_0x7fffe91ff790 .event anyedge, v0x7fffe9223ae0_0, v0x7fffe92466b0_0, v0x7fffe9249870_0;
E_0x7fffe91ffbc0 .event anyedge, v0x7fffe92466b0_0, v0x7fffe92477d0_0, v0x7fffe924b280_0, v0x7fffe924b560_0;
L_0x7fffe925c9d0 .part L_0x7f54377e0018, 0, 1;
L_0x7fffe925cdf0 .part v0x7fffe92466b0_0, 0, 5;
L_0x7fffe925cec0 .part L_0x7f54377e00f0, 0, 1;
L_0x7fffe925cfe0 .part v0x7fffe92466b0_0, 11, 1;
L_0x7fffe925d140 .concat [ 1 1 1 1], L_0x7fffe925cfe0, L_0x7fffe925cfe0, L_0x7fffe925cfe0, L_0x7fffe925cfe0;
L_0x7fffe925d2d0 .part v0x7fffe92466b0_0, 0, 12;
L_0x7fffe925d3b0 .concat [ 12 4 0 0], L_0x7fffe925d2d0, L_0x7fffe925d140;
L_0x7fffe925d4a0 .functor MUXZ 16, o0x7f5437831038, L_0x7fffe925d3b0, v0x7fffe924b320_0, C4<>;
L_0x7fffe925d5e0 .functor MUXZ 16, o0x7f5437831068, v0x7fffe9248ed0_0, v0x7fffe924bad0_0, C4<>;
L_0x7fffe925d6b0 .functor MUXZ 16, o0x7f5437831098, v0x7fffe9222100_0, v0x7fffe924a8f0_0, C4<>;
L_0x7fffe925d810 .functor MUXZ 16, o0x7f54378310c8, v0x7fffe9248530_0, v0x7fffe924bb70_0, C4<>;
L_0x7fffe925d930 .functor MUXZ 16, o0x7f54378310f8, v0x7fffe924c310_0, v0x7fffe924b1e0_0, C4<>;
S_0x7fffe92222d0 .scope module, "alu0" "alu" 3 24, 4 3 0, S_0x7fffe9222b70;
 .timescale 0 0;
    .port_info 0 /INPUT 16 "a";
    .port_info 1 /INPUT 16 "b";
    .port_info 2 /INPUT 5 "f";
    .port_info 3 /OUTPUT 16 "s";
L_0x7f54377e0060 .functor BUFT 1, C4<1000000000000000>, C4<0>, C4<0>, C4<0>;
v0x7fffe921fcc0_0 .net/2u *"_ivl_0", 15 0, L_0x7f54377e0060;  1 drivers
L_0x7f54377e00a8 .functor BUFT 1, C4<1000000000000000>, C4<0>, C4<0>, C4<0>;
v0x7fffe921fd60_0 .net/2u *"_ivl_4", 15 0, L_0x7f54377e00a8;  1 drivers
v0x7fffe9223ae0_0 .net "a", 15 0, v0x7fffe9248ed0_0;  alias, 1 drivers
v0x7fffe9223240_0 .net "b", 15 0, v0x7fffe9248ed0_1;  alias, 1 drivers
v0x7fffe92229a0_0 .net "f", 4 0, L_0x7fffe925cdf0;  1 drivers
v0x7fffe9222100_0 .var "s", 15 0;
v0x7fffe92218f0_0 .net "x", 15 0, L_0x7fffe925cb90;  1 drivers
v0x7fffe9245f70_0 .net "y", 15 0, L_0x7fffe925cc90;  1 drivers
E_0x7fffe91ffd60/0 .event anyedge, v0x7fffe92229a0_0, v0x7fffe9245f70_0, v0x7fffe92218f0_0, v0x7fffe9223240_0;
E_0x7fffe91ffd60/1 .event anyedge, v0x7fffe9223ae0_0;
E_0x7fffe91ffd60 .event/or E_0x7fffe91ffd60/0, E_0x7fffe91ffd60/1;
L_0x7fffe925cb90 .arith/sum 16, v0x7fffe9248ed0_0, L_0x7f54377e0060;
L_0x7fffe925cc90 .arith/sum 16, v0x7fffe9248ed0_1, L_0x7f54377e00a8;
S_0x7fffe92460d0 .scope module, "ir0" "counter" 3 18, 5 1 0, S_0x7fffe9222b70;
 .timescale 0 0;
    .port_info 0 /INPUT 1 "clk";
    .port_info 1 /INPUT 1 "reset";
    .port_info 2 /INPUT 1 "load";
    .port_info 3 /INPUT 1 "inc";
    .port_info 4 /INPUT 16 "d";
    .port_info 5 /OUTPUT 16 "q";
P_0x7fffe9221990 .param/l "N" 0 5 2, +C4<00000000000000000000000000010000>;
v0x7fffe9246390_0 .net "clk", 0 0, v0x7fffe924c090_0;  alias, 1 drivers
v0x7fffe9246470_0 .net8 "d", 15 0, RS_0x7f5437830288;  alias, 5 drivers
v0x7fffe9246550_0 .net "inc", 0 0, L_0x7fffe925c9d0;  1 drivers
v0x7fffe92465f0_0 .net "load", 0 0, v0x7fffe924ad30_0;  1 drivers
v0x7fffe92466b0_0 .var "q", 15 0;
v0x7fffe9246790_0 .net "reset", 0 0, v0x7fffe924c880_0;  alias, 1 drivers
E_0x7fffe922b750/0 .event negedge, v0x7fffe9246790_0;
E_0x7fffe922b750/1 .event posedge, v0x7fffe9246390_0;
E_0x7fffe922b750 .event/or E_0x7fffe922b750/0, E_0x7fffe922b750/1;
S_0x7fffe9246910 .scope module, "obuf0" "counter" 3 27, 5 1 0, S_0x7fffe9222b70;
 .timescale 0 0;
    .port_info 0 /INPUT 1 "clk";
    .port_info 1 /INPUT 1 "reset";
    .port_info 2 /INPUT 1 "load";
    .port_info 3 /INPUT 1 "inc";
    .port_info 4 /INPUT 16 "d";
    .port_info 5 /OUTPUT 16 "q";
P_0x7fffe9246af0 .param/l "N" 0 5 2, +C4<00000000000000000000000000010000>;
v0x7fffe9246c30_0 .net "clk", 0 0, v0x7fffe924c090_0;  alias, 1 drivers
v0x7fffe9246cd0_0 .net8 "d", 15 0, RS_0x7f5437830288;  alias, 5 drivers
v0x7fffe9246d70_0 .net "inc", 0 0, L_0x7fffe925cec0;  1 drivers
v0x7fffe9246e10_0 .net "load", 0 0, v0x7fffe924ae00_0;  1 drivers
v0x7fffe9246eb0_0 .var "q", 15 0;
v0x7fffe9246fe0_0 .net "reset", 0 0, v0x7fffe924c880_0;  alias, 1 drivers
S_0x7fffe9247160 .scope module, "pc0" "counter" 3 16, 5 1 0, S_0x7fffe9222b70;
 .timescale 0 0;
    .port_info 0 /INPUT 1 "clk";
    .port_info 1 /INPUT 1 "reset";
    .port_info 2 /INPUT 1 "load";
    .port_info 3 /INPUT 1 "inc";
    .port_info 4 /INPUT 12 "d";
    .port_info 5 /OUTPUT 12 "q";
P_0x7fffe9247340 .param/l "N" 0 5 2, +C4<00000000000000000000000000001100>;
v0x7fffe9247480_0 .net "clk", 0 0, v0x7fffe924c090_0;  alias, 1 drivers
v0x7fffe9247590_0 .net "d", 11 0, v0x7fffe924a790_0;  alias, 1 drivers
v0x7fffe9247670_0 .net "inc", 0 0, v0x7fffe924b600_0;  1 drivers
v0x7fffe9247710_0 .net "load", 0 0, v0x7fffe924a850_0;  1 drivers
v0x7fffe92477d0_0 .var "q", 11 0;
v0x7fffe9247900_0 .net "reset", 0 0, v0x7fffe924c880_0;  alias, 1 drivers
S_0x7fffe9247af0 .scope module, "ram0" "ram" 3 25, 6 1 0, S_0x7fffe9222b70;
 .timescale 0 0;
    .port_info 0 /INPUT 1 "clk";
    .port_info 1 /INPUT 1 "load";
    .port_info 2 /INPUT 12 "addr";
    .port_info 3 /INPUT 16 "d";
    .port_info 4 /OUTPUT 16 "q";
P_0x7fffe9247d20 .param/l "AWIDTH" 0 6 2, +C4<00000000000000000000000000001100>;
P_0x7fffe9247d60 .param/l "DWIDTH" 0 6 2, +C4<00000000000000000000000000010000>;
P_0x7fffe9247da0 .param/l "WORDS" 0 6 2, +C4<00000000000000000001000000000000>;
v0x7fffe9247fd0_0 .net "addr", 11 0, v0x7fffe924a790_0;  alias, 1 drivers
v0x7fffe92480e0_0 .net "clk", 0 0, v0x7fffe924c090_0;  alias, 1 drivers
v0x7fffe9248180_0 .net8 "d", 15 0, RS_0x7f5437830288;  alias, 5 drivers
v0x7fffe92482a0_0 .var/i "i", 31 0;
v0x7fffe9248360_0 .net "load", 0 0, v0x7fffe924afa0_0;  1 drivers
v0x7fffe9248470 .array "mem", 0 4095, 15 0;
v0x7fffe9248530_0 .var "q", 15 0;
E_0x7fffe91d5160 .event posedge, v0x7fffe9246390_0;
S_0x7fffe92486b0 .scope module, "stack0" "stack" 3 22, 7 1 0, S_0x7fffe9222b70;
 .timescale 0 0;
    .port_info 0 /INPUT 1 "clk";
    .port_info 1 /INPUT 1 "reset";
    .port_info 2 /INPUT 1 "load";
    .port_info 3 /INPUT 1 "push";
    .port_info 4 /INPUT 1 "pop";
    .port_info 5 /INPUT 16 "d";
    .port_info 6 /OUTPUT 16 "qtop";
    .port_info 7 /OUTPUT 16 "qnext";
P_0x7fffe9248890 .param/l "N" 0 7 2, +C4<00000000000000000000000000001000>;
v0x7fffe9248a50_0 .net "clk", 0 0, v0x7fffe924c090_0;  alias, 1 drivers
v0x7fffe9248b10_0 .net8 "d", 15 0, RS_0x7f5437830288;  alias, 5 drivers
v0x7fffe9248bd0_0 .var/i "i", 31 0;
v0x7fffe9248c90_0 .net "load", 0 0, v0x7fffe924aed0_0;  1 drivers
v0x7fffe9248d50_0 .net "pop", 0 0, v0x7fffe924b7a0_0;  1 drivers
v0x7fffe9248e10_0 .net "push", 0 0, v0x7fffe924b870_0;  1 drivers
v0x7fffe9248ed0 .array "q", 7 0, 15 0;
v0x7fffe92490e0_0 .net "qnext", 15 0, v0x7fffe9248ed0_1;  alias, 1 drivers
v0x7fffe92491a0_0 .net "qtop", 15 0, v0x7fffe9248ed0_0;  alias, 1 drivers
v0x7fffe9249300_0 .net "reset", 0 0, v0x7fffe924c880_0;  alias, 1 drivers
S_0x7fffe9249480 .scope module, "state0" "state" 3 20, 8 3 0, S_0x7fffe9222b70;
 .timescale 0 0;
    .port_info 0 /INPUT 1 "clk";
    .port_info 1 /INPUT 1 "reset";
    .port_info 2 /INPUT 1 "run";
    .port_info 3 /INPUT 1 "cont";
    .port_info 4 /INPUT 1 "halt";
    .port_info 5 /OUTPUT 3 "cs";
v0x7fffe92496f0_0 .net "clk", 0 0, v0x7fffe924c090_0;  alias, 1 drivers
v0x7fffe92497b0_0 .net "cont", 0 0, v0x7fffe924aaf0_0;  1 drivers
v0x7fffe9249870_0 .var "cs", 2 0;
v0x7fffe9249960_0 .net "halt", 0 0, v0x7fffe924b070_0;  1 drivers
v0x7fffe9249a20_0 .net "reset", 0 0, v0x7fffe924c880_0;  alias, 1 drivers
v0x7fffe9249ba0_0 .net "run", 0 0, v0x7fffe924c920_0;  alias, 1 drivers
    .scope S_0x7fffe9247160;
T_0 ;
    %wait E_0x7fffe922b750;
    %load/vec4 v0x7fffe9247900_0;
    %nor/r;
    %flag_set/vec4 8;
    %jmp/0xz  T_0.0, 8;
    %pushi/vec4 0, 0, 12;
    %assign/vec4 v0x7fffe92477d0_0, 0;
    %jmp T_0.1;
T_0.0 ;
    %load/vec4 v0x7fffe9247710_0;
    %flag_set/vec4 8;
    %jmp/0xz  T_0.2, 8;
    %load/vec4 v0x7fffe9247590_0;
    %assign/vec4 v0x7fffe92477d0_0, 0;
    %jmp T_0.3;
T_0.2 ;
    %load/vec4 v0x7fffe9247670_0;
    %flag_set/vec4 8;
    %jmp/0xz  T_0.4, 8;
    %load/vec4 v0x7fffe92477d0_0;
    %addi 1, 0, 12;
    %assign/vec4 v0x7fffe92477d0_0, 0;
T_0.4 ;
T_0.3 ;
T_0.1 ;
    %jmp T_0;
    .thread T_0;
    .scope S_0x7fffe92460d0;
T_1 ;
    %wait E_0x7fffe922b750;
    %load/vec4 v0x7fffe9246790_0;
    %nor/r;
    %flag_set/vec4 8;
    %jmp/0xz  T_1.0, 8;
    %pushi/vec4 0, 0, 16;
    %assign/vec4 v0x7fffe92466b0_0, 0;
    %jmp T_1.1;
T_1.0 ;
    %load/vec4 v0x7fffe92465f0_0;
    %flag_set/vec4 8;
    %jmp/0xz  T_1.2, 8;
    %load/vec4 v0x7fffe9246470_0;
    %assign/vec4 v0x7fffe92466b0_0, 0;
    %jmp T_1.3;
T_1.2 ;
    %load/vec4 v0x7fffe9246550_0;
    %flag_set/vec4 8;
    %jmp/0xz  T_1.4, 8;
    %load/vec4 v0x7fffe92466b0_0;
    %addi 1, 0, 16;
    %assign/vec4 v0x7fffe92466b0_0, 0;
T_1.4 ;
T_1.3 ;
T_1.1 ;
    %jmp T_1;
    .thread T_1;
    .scope S_0x7fffe9249480;
T_2 ;
    %wait E_0x7fffe922b750;
    %load/vec4 v0x7fffe9249a20_0;
    %nor/r;
    %flag_set/vec4 8;
    %jmp/0xz  T_2.0, 8;
    %pushi/vec4 0, 0, 3;
    %assign/vec4 v0x7fffe9249870_0, 0;
    %jmp T_2.1;
T_2.0 ;
    %load/vec4 v0x7fffe9249870_0;
    %dup/vec4;
    %pushi/vec4 0, 0, 3;
    %cmp/u;
    %jmp/1 T_2.2, 6;
    %dup/vec4;
    %pushi/vec4 1, 0, 3;
    %cmp/u;
    %jmp/1 T_2.3, 6;
    %dup/vec4;
    %pushi/vec4 2, 0, 3;
    %cmp/u;
    %jmp/1 T_2.4, 6;
    %dup/vec4;
    %pushi/vec4 3, 0, 3;
    %cmp/u;
    %jmp/1 T_2.5, 6;
    %dup/vec4;
    %pushi/vec4 4, 0, 3;
    %cmp/u;
    %jmp/1 T_2.6, 6;
    %pushi/vec4 7, 7, 3;
    %assign/vec4 v0x7fffe9249870_0, 0;
    %jmp T_2.8;
T_2.2 ;
    %load/vec4 v0x7fffe9249ba0_0;
    %flag_set/vec4 8;
    %jmp/0xz  T_2.9, 8;
    %pushi/vec4 1, 0, 3;
    %assign/vec4 v0x7fffe9249870_0, 0;
T_2.9 ;
    %jmp T_2.8;
T_2.3 ;
    %pushi/vec4 2, 0, 3;
    %assign/vec4 v0x7fffe9249870_0, 0;
    %jmp T_2.8;
T_2.4 ;
    %pushi/vec4 3, 0, 3;
    %assign/vec4 v0x7fffe9249870_0, 0;
    %jmp T_2.8;
T_2.5 ;
    %load/vec4 v0x7fffe9249960_0;
    %flag_set/vec4 8;
    %jmp/0xz  T_2.11, 8;
    %pushi/vec4 0, 0, 3;
    %assign/vec4 v0x7fffe9249870_0, 0;
    %jmp T_2.12;
T_2.11 ;
    %load/vec4 v0x7fffe92497b0_0;
    %flag_set/vec4 8;
    %jmp/0xz  T_2.13, 8;
    %pushi/vec4 4, 0, 3;
    %assign/vec4 v0x7fffe9249870_0, 0;
    %jmp T_2.14;
T_2.13 ;
    %pushi/vec4 1, 0, 3;
    %assign/vec4 v0x7fffe9249870_0, 0;
T_2.14 ;
T_2.12 ;
    %jmp T_2.8;
T_2.6 ;
    %pushi/vec4 1, 0, 3;
    %assign/vec4 v0x7fffe9249870_0, 0;
    %jmp T_2.8;
T_2.8 ;
    %pop/vec4 1;
T_2.1 ;
    %jmp T_2;
    .thread T_2;
    .scope S_0x7fffe92486b0;
T_3 ;
    %wait E_0x7fffe922b750;
    %load/vec4 v0x7fffe9249300_0;
    %nor/r;
    %flag_set/vec4 8;
    %jmp/0xz  T_3.0, 8;
    %pushi/vec4 0, 0, 16;
    %ix/load 3, 0, 0;
    %flag_set/imm 4, 0;
    %ix/load 4, 0, 0; Constant delay
    %assign/vec4/a/d v0x7fffe9248ed0, 0, 4;
    %jmp T_3.1;
T_3.0 ;
    %load/vec4 v0x7fffe9248c90_0;
    %flag_set/vec4 8;
    %jmp/0xz  T_3.2, 8;
    %load/vec4 v0x7fffe9248b10_0;
    %ix/load 3, 0, 0;
    %flag_set/imm 4, 0;
    %ix/load 4, 0, 0; Constant delay
    %assign/vec4/a/d v0x7fffe9248ed0, 0, 4;
    %jmp T_3.3;
T_3.2 ;
    %load/vec4 v0x7fffe9248d50_0;
    %flag_set/vec4 8;
    %jmp/0xz  T_3.4, 8;
    %ix/load 4, 1, 0;
    %flag_set/imm 4, 0;
    %load/vec4a v0x7fffe9248ed0, 4;
    %ix/load 3, 0, 0;
    %flag_set/imm 4, 0;
    %ix/load 4, 0, 0; Constant delay
    %assign/vec4/a/d v0x7fffe9248ed0, 0, 4;
T_3.4 ;
T_3.3 ;
T_3.1 ;
    %jmp T_3;
    .thread T_3;
    .scope S_0x7fffe92486b0;
T_4 ;
    %wait E_0x7fffe922b750;
    %pushi/vec4 1, 0, 32;
    %store/vec4 v0x7fffe9248bd0_0, 0, 32;
T_4.0 ;
    %load/vec4 v0x7fffe9248bd0_0;
    %cmpi/s 7, 0, 32;
    %jmp/0xz T_4.1, 5;
    %load/vec4 v0x7fffe9249300_0;
    %nor/r;
    %flag_set/vec4 8;
    %jmp/0xz  T_4.2, 8;
    %pushi/vec4 0, 0, 16;
    %ix/getv/s 3, v0x7fffe9248bd0_0;
    %ix/load 4, 0, 0; Constant delay
    %assign/vec4/a/d v0x7fffe9248ed0, 0, 4;
    %jmp T_4.3;
T_4.2 ;
    %load/vec4 v0x7fffe9248e10_0;
    %flag_set/vec4 8;
    %jmp/0xz  T_4.4, 8;
    %load/vec4 v0x7fffe9248bd0_0;
    %pad/s 33;
    %subi 1, 0, 33;
    %ix/vec4/s 4;
    %load/vec4a v0x7fffe9248ed0, 4;
    %ix/getv/s 3, v0x7fffe9248bd0_0;
    %ix/load 4, 0, 0; Constant delay
    %assign/vec4/a/d v0x7fffe9248ed0, 0, 4;
    %jmp T_4.5;
T_4.4 ;
    %load/vec4 v0x7fffe9248d50_0;
    %flag_set/vec4 8;
    %jmp/0xz  T_4.6, 8;
    %load/vec4 v0x7fffe9248bd0_0;
    %pad/s 33;
    %addi 1, 0, 33;
    %ix/vec4/s 4;
    %load/vec4a v0x7fffe9248ed0, 4;
    %ix/getv/s 3, v0x7fffe9248bd0_0;
    %ix/load 4, 0, 0; Constant delay
    %assign/vec4/a/d v0x7fffe9248ed0, 0, 4;
T_4.6 ;
T_4.5 ;
T_4.3 ;
    %load/vec4 v0x7fffe9248bd0_0;
    %addi 1, 0, 32;
    %store/vec4 v0x7fffe9248bd0_0, 0, 32;
    %jmp T_4.0;
T_4.1 ;
    %jmp T_4;
    .thread T_4;
    .scope S_0x7fffe92486b0;
T_5 ;
    %wait E_0x7fffe922b750;
    %load/vec4 v0x7fffe9249300_0;
    %nor/r;
    %flag_set/vec4 8;
    %jmp/0xz  T_5.0, 8;
    %pushi/vec4 0, 0, 16;
    %ix/load 3, 7, 0;
    %flag_set/imm 4, 0;
    %ix/load 4, 0, 0; Constant delay
    %assign/vec4/a/d v0x7fffe9248ed0, 0, 4;
    %jmp T_5.1;
T_5.0 ;
    %load/vec4 v0x7fffe9248e10_0;
    %flag_set/vec4 8;
    %jmp/0xz  T_5.2, 8;
    %ix/load 4, 6, 0;
    %flag_set/imm 4, 0;
    %load/vec4a v0x7fffe9248ed0, 4;
    %ix/load 3, 7, 0;
    %flag_set/imm 4, 0;
    %ix/load 4, 0, 0; Constant delay
    %assign/vec4/a/d v0x7fffe9248ed0, 0, 4;
T_5.2 ;
T_5.1 ;
    %jmp T_5;
    .thread T_5;
    .scope S_0x7fffe92222d0;
T_6 ;
    %wait E_0x7fffe91ffd60;
    %load/vec4 v0x7fffe92229a0_0;
    %dup/vec4;
    %pushi/vec4 0, 0, 5;
    %cmp/u;
    %jmp/1 T_6.0, 6;
    %dup/vec4;
    %pushi/vec4 1, 0, 5;
    %cmp/u;
    %jmp/1 T_6.1, 6;
    %dup/vec4;
    %pushi/vec4 2, 0, 5;
    %cmp/u;
    %jmp/1 T_6.2, 6;
    %dup/vec4;
    %pushi/vec4 3, 0, 5;
    %cmp/u;
    %jmp/1 T_6.3, 6;
    %dup/vec4;
    %pushi/vec4 4, 0, 5;
    %cmp/u;
    %jmp/1 T_6.4, 6;
    %dup/vec4;
    %pushi/vec4 5, 0, 5;
    %cmp/u;
    %jmp/1 T_6.5, 6;
    %dup/vec4;
    %pushi/vec4 6, 0, 5;
    %cmp/u;
    %jmp/1 T_6.6, 6;
    %dup/vec4;
    %pushi/vec4 7, 0, 5;
    %cmp/u;
    %jmp/1 T_6.7, 6;
    %dup/vec4;
    %pushi/vec4 8, 0, 5;
    %cmp/u;
    %jmp/1 T_6.8, 6;
    %dup/vec4;
    %pushi/vec4 9, 0, 5;
    %cmp/u;
    %jmp/1 T_6.9, 6;
    %dup/vec4;
    %pushi/vec4 10, 0, 5;
    %cmp/u;
    %jmp/1 T_6.10, 6;
    %dup/vec4;
    %pushi/vec4 11, 0, 5;
    %cmp/u;
    %jmp/1 T_6.11, 6;
    %dup/vec4;
    %pushi/vec4 12, 0, 5;
    %cmp/u;
    %jmp/1 T_6.12, 6;
    %dup/vec4;
    %pushi/vec4 13, 0, 5;
    %cmp/u;
    %jmp/1 T_6.13, 6;
    %dup/vec4;
    %pushi/vec4 14, 0, 5;
    %cmp/u;
    %jmp/1 T_6.14, 6;
    %dup/vec4;
    %pushi/vec4 15, 0, 5;
    %cmp/u;
    %jmp/1 T_6.15, 6;
    %dup/vec4;
    %pushi/vec4 16, 0, 5;
    %cmp/u;
    %jmp/1 T_6.16, 6;
    %dup/vec4;
    %pushi/vec4 17, 0, 5;
    %cmp/u;
    %jmp/1 T_6.17, 6;
    %dup/vec4;
    %pushi/vec4 18, 0, 5;
    %cmp/u;
    %jmp/1 T_6.18, 6;
    %pushi/vec4 65535, 65535, 16;
    %store/vec4 v0x7fffe9222100_0, 0, 16;
    %jmp T_6.20;
T_6.0 ;
    %load/vec4 v0x7fffe9223240_0;
    %load/vec4 v0x7fffe9223ae0_0;
    %add;
    %store/vec4 v0x7fffe9222100_0, 0, 16;
    %jmp T_6.20;
T_6.1 ;
    %load/vec4 v0x7fffe9223240_0;
    %load/vec4 v0x7fffe9223ae0_0;
    %sub;
    %store/vec4 v0x7fffe9222100_0, 0, 16;
    %jmp T_6.20;
T_6.2 ;
    %load/vec4 v0x7fffe9223240_0;
    %load/vec4 v0x7fffe9223ae0_0;
    %mul;
    %store/vec4 v0x7fffe9222100_0, 0, 16;
    %jmp T_6.20;
T_6.3 ;
    %load/vec4 v0x7fffe9223240_0;
    %ix/getv 4, v0x7fffe9223ae0_0;
    %shiftl 4;
    %store/vec4 v0x7fffe9222100_0, 0, 16;
    %jmp T_6.20;
T_6.4 ;
    %load/vec4 v0x7fffe9223240_0;
    %ix/getv 4, v0x7fffe9223ae0_0;
    %shiftr 4;
    %store/vec4 v0x7fffe9222100_0, 0, 16;
    %jmp T_6.20;
T_6.5 ;
    %load/vec4 v0x7fffe9223240_0;
    %load/vec4 v0x7fffe9223ae0_0;
    %and;
    %store/vec4 v0x7fffe9222100_0, 0, 16;
    %jmp T_6.20;
T_6.6 ;
    %load/vec4 v0x7fffe9223240_0;
    %load/vec4 v0x7fffe9223ae0_0;
    %or;
    %store/vec4 v0x7fffe9222100_0, 0, 16;
    %jmp T_6.20;
T_6.7 ;
    %load/vec4 v0x7fffe9223240_0;
    %load/vec4 v0x7fffe9223ae0_0;
    %xor;
    %store/vec4 v0x7fffe9222100_0, 0, 16;
    %jmp T_6.20;
T_6.8 ;
    %load/vec4 v0x7fffe9223240_0;
    %pushi/vec4 0, 0, 16;
    %cmp/ne;
    %flag_get/vec4 4;
    %load/vec4 v0x7fffe9223ae0_0;
    %pushi/vec4 0, 0, 16;
    %cmp/ne;
    %flag_get/vec4 4;
    %and;
    %pad/u 16;
    %store/vec4 v0x7fffe9222100_0, 0, 16;
    %jmp T_6.20;
T_6.9 ;
    %load/vec4 v0x7fffe9223240_0;
    %pushi/vec4 0, 0, 16;
    %cmp/ne;
    %flag_get/vec4 4;
    %load/vec4 v0x7fffe9223ae0_0;
    %pushi/vec4 0, 0, 16;
    %cmp/ne;
    %flag_get/vec4 4;
    %or;
    %pad/u 16;
    %store/vec4 v0x7fffe9222100_0, 0, 16;
    %jmp T_6.20;
T_6.10 ;
    %load/vec4 v0x7fffe9223240_0;
    %load/vec4 v0x7fffe9223ae0_0;
    %cmp/e;
    %flag_get/vec4 4;
    %pad/u 16;
    %store/vec4 v0x7fffe9222100_0, 0, 16;
    %jmp T_6.20;
T_6.11 ;
    %load/vec4 v0x7fffe9223240_0;
    %load/vec4 v0x7fffe9223ae0_0;
    %cmp/ne;
    %flag_get/vec4 4;
    %pad/u 16;
    %store/vec4 v0x7fffe9222100_0, 0, 16;
    %jmp T_6.20;
T_6.12 ;
    %load/vec4 v0x7fffe92218f0_0;
    %load/vec4 v0x7fffe9245f70_0;
    %cmp/u;
    %flag_get/vec4 4;
    %flag_get/vec4 5;
    %or;
    %pad/u 16;
    %store/vec4 v0x7fffe9222100_0, 0, 16;
    %jmp T_6.20;
T_6.13 ;
    %load/vec4 v0x7fffe9245f70_0;
    %load/vec4 v0x7fffe92218f0_0;
    %cmp/u;
    %flag_get/vec4 4;
    %flag_get/vec4 5;
    %or;
    %pad/u 16;
    %store/vec4 v0x7fffe9222100_0, 0, 16;
    %jmp T_6.20;
T_6.14 ;
    %load/vec4 v0x7fffe92218f0_0;
    %load/vec4 v0x7fffe9245f70_0;
    %cmp/u;
    %flag_get/vec4 5;
    %pad/u 16;
    %store/vec4 v0x7fffe9222100_0, 0, 16;
    %jmp T_6.20;
T_6.15 ;
    %load/vec4 v0x7fffe9245f70_0;
    %load/vec4 v0x7fffe92218f0_0;
    %cmp/u;
    %flag_get/vec4 5;
    %pad/u 16;
    %store/vec4 v0x7fffe9222100_0, 0, 16;
    %jmp T_6.20;
T_6.16 ;
    %load/vec4 v0x7fffe9223ae0_0;
    %inv;
    %pushi/vec4 1, 0, 16;
    %add;
    %store/vec4 v0x7fffe9222100_0, 0, 16;
    %jmp T_6.20;
T_6.17 ;
    %load/vec4 v0x7fffe9223ae0_0;
    %inv;
    %store/vec4 v0x7fffe9222100_0, 0, 16;
    %jmp T_6.20;
T_6.18 ;
    %load/vec4 v0x7fffe9223ae0_0;
    %nor/r;
    %pad/u 16;
    %store/vec4 v0x7fffe9222100_0, 0, 16;
    %jmp T_6.20;
T_6.20 ;
    %pop/vec4 1;
    %jmp T_6;
    .thread T_6, $push;
    .scope S_0x7fffe9247af0;
T_7 ;
    %wait E_0x7fffe91d5160;
    %load/vec4 v0x7fffe9248360_0;
    %flag_set/vec4 8;
    %jmp/0xz  T_7.0, 8;
    %load/vec4 v0x7fffe9248180_0;
    %load/vec4 v0x7fffe9247fd0_0;
    %pad/u 14;
    %ix/vec4 3;
    %ix/load 4, 0, 0; Constant delay
    %assign/vec4/a/d v0x7fffe9248470, 0, 4;
T_7.0 ;
    %load/vec4 v0x7fffe9247fd0_0;
    %pad/u 14;
    %ix/vec4 4;
    %load/vec4a v0x7fffe9248470, 4;
    %assign/vec4 v0x7fffe9248530_0, 0;
    %jmp T_7;
    .thread T_7;
    .scope S_0x7fffe9247af0;
T_8 ;
    %pushi/vec4 0, 0, 32;
    %store/vec4 v0x7fffe92482a0_0, 0, 32;
T_8.0 ;
    %load/vec4 v0x7fffe92482a0_0;
    %cmpi/s 4096, 0, 32;
    %jmp/0xz T_8.1, 5;
    %pushi/vec4 0, 0, 16;
    %ix/getv/s 4, v0x7fffe92482a0_0;
    %store/vec4a v0x7fffe9248470, 4, 0;
    %load/vec4 v0x7fffe92482a0_0;
    %addi 1, 0, 32;
    %store/vec4 v0x7fffe92482a0_0, 0, 32;
    %jmp T_8.0;
T_8.1 ;
    %end;
    .thread T_8;
    .scope S_0x7fffe9246910;
T_9 ;
    %wait E_0x7fffe922b750;
    %load/vec4 v0x7fffe9246fe0_0;
    %nor/r;
    %flag_set/vec4 8;
    %jmp/0xz  T_9.0, 8;
    %pushi/vec4 0, 0, 16;
    %assign/vec4 v0x7fffe9246eb0_0, 0;
    %jmp T_9.1;
T_9.0 ;
    %load/vec4 v0x7fffe9246e10_0;
    %flag_set/vec4 8;
    %jmp/0xz  T_9.2, 8;
    %load/vec4 v0x7fffe9246cd0_0;
    %assign/vec4 v0x7fffe9246eb0_0, 0;
    %jmp T_9.3;
T_9.2 ;
    %load/vec4 v0x7fffe9246d70_0;
    %flag_set/vec4 8;
    %jmp/0xz  T_9.4, 8;
    %load/vec4 v0x7fffe9246eb0_0;
    %addi 1, 0, 16;
    %assign/vec4 v0x7fffe9246eb0_0, 0;
T_9.4 ;
T_9.3 ;
T_9.1 ;
    %jmp T_9;
    .thread T_9;
    .scope S_0x7fffe9222b70;
T_10 ;
    %wait E_0x7fffe91ffbc0;
    %load/vec4 v0x7fffe924b560_0;
    %flag_set/vec4 8;
    %jmp/0xz  T_10.0, 8;
    %load/vec4 v0x7fffe924b6d0_0;
    %assign/vec4 v0x7fffe924a790_0, 0;
    %jmp T_10.1;
T_10.0 ;
    %load/vec4 v0x7fffe924b280_0;
    %flag_set/vec4 8;
    %jmp/0xz  T_10.2, 8;
    %load/vec4 v0x7fffe924b3c0_0;
    %parti/s 12, 0, 2;
    %assign/vec4 v0x7fffe924a790_0, 0;
    %jmp T_10.3;
T_10.2 ;
    %pushi/vec4 4095, 4095, 12;
    %assign/vec4 v0x7fffe924a790_0, 0;
T_10.3 ;
T_10.1 ;
    %jmp T_10;
    .thread T_10, $push;
    .scope S_0x7fffe9222b70;
T_11 ;
    %wait E_0x7fffe91ff790;
    %pushi/vec4 0, 0, 1;
    %store/vec4 v0x7fffe924b070_0, 0, 1;
    %pushi/vec4 0, 0, 1;
    %store/vec4 v0x7fffe924b600_0, 0, 1;
    %pushi/vec4 0, 0, 1;
    %store/vec4 v0x7fffe924b870_0, 0, 1;
    %pushi/vec4 0, 0, 1;
    %store/vec4 v0x7fffe924b7a0_0, 0, 1;
    %pushi/vec4 0, 0, 1;
    %store/vec4 v0x7fffe924aaf0_0, 0, 1;
    %pushi/vec4 0, 0, 1;
    %store/vec4 v0x7fffe924a850_0, 0, 1;
    %pushi/vec4 0, 0, 1;
    %store/vec4 v0x7fffe924ad30_0, 0, 1;
    %pushi/vec4 0, 0, 1;
    %store/vec4 v0x7fffe924aed0_0, 0, 1;
    %pushi/vec4 0, 0, 1;
    %store/vec4 v0x7fffe924afa0_0, 0, 1;
    %pushi/vec4 0, 0, 1;
    %store/vec4 v0x7fffe924ae00_0, 0, 1;
    %pushi/vec4 0, 0, 1;
    %store/vec4 v0x7fffe924b560_0, 0, 1;
    %pushi/vec4 0, 0, 1;
    %store/vec4 v0x7fffe924b280_0, 0, 1;
    %pushi/vec4 0, 0, 1;
    %store/vec4 v0x7fffe924b320_0, 0, 1;
    %pushi/vec4 0, 0, 1;
    %store/vec4 v0x7fffe924bad0_0, 0, 1;
    %pushi/vec4 0, 0, 1;
    %store/vec4 v0x7fffe924a8f0_0, 0, 1;
    %pushi/vec4 0, 0, 1;
    %store/vec4 v0x7fffe924bb70_0, 0, 1;
    %pushi/vec4 0, 0, 1;
    %store/vec4 v0x7fffe924b1e0_0, 0, 1;
    %load/vec4 v0x7fffe924abc0_0;
    %cmpi/e 1, 0, 3;
    %jmp/0xz  T_11.0, 4;
    %pushi/vec4 1, 0, 1;
    %store/vec4 v0x7fffe924b600_0, 0, 1;
    %pushi/vec4 1, 0, 1;
    %store/vec4 v0x7fffe924b560_0, 0, 1;
    %jmp T_11.1;
T_11.0 ;
    %load/vec4 v0x7fffe924abc0_0;
    %cmpi/e 2, 0, 3;
    %jmp/0xz  T_11.2, 4;
    %pushi/vec4 1, 0, 1;
    %store/vec4 v0x7fffe924bb70_0, 0, 1;
    %pushi/vec4 1, 0, 1;
    %store/vec4 v0x7fffe924ad30_0, 0, 1;
    %jmp T_11.3;
T_11.2 ;
    %load/vec4 v0x7fffe924abc0_0;
    %cmpi/e 3, 0, 3;
    %jmp/0xz  T_11.4, 4;
    %load/vec4 v0x7fffe924b3c0_0;
    %parti/s 4, 12, 5;
    %dup/vec4;
    %pushi/vec4 1, 0, 4;
    %cmp/u;
    %jmp/1 T_11.6, 6;
    %dup/vec4;
    %pushi/vec4 2, 0, 4;
    %cmp/u;
    %jmp/1 T_11.7, 6;
    %dup/vec4;
    %pushi/vec4 3, 0, 4;
    %cmp/u;
    %jmp/1 T_11.8, 6;
    %dup/vec4;
    %pushi/vec4 4, 0, 4;
    %cmp/u;
    %jmp/1 T_11.9, 6;
    %dup/vec4;
    %pushi/vec4 5, 0, 4;
    %cmp/u;
    %jmp/1 T_11.10, 6;
    %dup/vec4;
    %pushi/vec4 6, 0, 4;
    %cmp/u;
    %jmp/1 T_11.11, 6;
    %dup/vec4;
    %pushi/vec4 13, 0, 4;
    %cmp/u;
    %jmp/1 T_11.12, 6;
    %dup/vec4;
    %pushi/vec4 14, 0, 4;
    %cmp/u;
    %jmp/1 T_11.13, 6;
    %dup/vec4;
    %pushi/vec4 15, 0, 4;
    %cmp/u;
    %jmp/1 T_11.14, 6;
    %pushi/vec4 1, 0, 1;
    %store/vec4 v0x7fffe924b070_0, 0, 1;
    %jmp T_11.16;
T_11.6 ;
    %pushi/vec4 1, 0, 1;
    %store/vec4 v0x7fffe924b320_0, 0, 1;
    %pushi/vec4 1, 0, 1;
    %store/vec4 v0x7fffe924aed0_0, 0, 1;
    %pushi/vec4 1, 0, 1;
    %store/vec4 v0x7fffe924b870_0, 0, 1;
    %jmp T_11.16;
T_11.7 ;
    %pushi/vec4 1, 0, 1;
    %store/vec4 v0x7fffe924b280_0, 0, 1;
    %pushi/vec4 1, 0, 1;
    %store/vec4 v0x7fffe924aaf0_0, 0, 1;
    %jmp T_11.16;
T_11.8 ;
    %pushi/vec4 1, 0, 1;
    %store/vec4 v0x7fffe924b280_0, 0, 1;
    %pushi/vec4 1, 0, 1;
    %store/vec4 v0x7fffe924bad0_0, 0, 1;
    %pushi/vec4 1, 0, 1;
    %store/vec4 v0x7fffe924afa0_0, 0, 1;
    %pushi/vec4 1, 0, 1;
    %store/vec4 v0x7fffe924b7a0_0, 0, 1;
    %jmp T_11.16;
T_11.9 ;
    %pushi/vec4 1, 0, 1;
    %store/vec4 v0x7fffe924b280_0, 0, 1;
    %pushi/vec4 1, 0, 1;
    %store/vec4 v0x7fffe924a850_0, 0, 1;
    %jmp T_11.16;
T_11.10 ;
    %load/vec4 v0x7fffe924b9e0_0;
    %pad/u 32;
    %cmpi/e 0, 0, 32;
    %jmp/0xz  T_11.17, 4;
    %pushi/vec4 1, 0, 1;
    %store/vec4 v0x7fffe924b280_0, 0, 1;
    %pushi/vec4 1, 0, 1;
    %store/vec4 v0x7fffe924a850_0, 0, 1;
T_11.17 ;
    %pushi/vec4 1, 0, 1;
    %store/vec4 v0x7fffe924b7a0_0, 0, 1;
    %jmp T_11.16;
T_11.11 ;
    %load/vec4 v0x7fffe924b9e0_0;
    %pad/u 32;
    %cmpi/ne 0, 0, 32;
    %jmp/0xz  T_11.19, 4;
    %pushi/vec4 1, 0, 1;
    %store/vec4 v0x7fffe924b280_0, 0, 1;
    %pushi/vec4 1, 0, 1;
    %store/vec4 v0x7fffe924a850_0, 0, 1;
T_11.19 ;
    %pushi/vec4 1, 0, 1;
    %store/vec4 v0x7fffe924b7a0_0, 0, 1;
    %jmp T_11.16;
T_11.12 ;
    %pushi/vec4 1, 0, 1;
    %store/vec4 v0x7fffe924b1e0_0, 0, 1;
    %pushi/vec4 1, 0, 1;
    %store/vec4 v0x7fffe924aed0_0, 0, 1;
    %pushi/vec4 1, 0, 1;
    %store/vec4 v0x7fffe924b870_0, 0, 1;
    %jmp T_11.16;
T_11.13 ;
    %pushi/vec4 1, 0, 1;
    %store/vec4 v0x7fffe924bad0_0, 0, 1;
    %pushi/vec4 1, 0, 1;
    %store/vec4 v0x7fffe924ae00_0, 0, 1;
    %pushi/vec4 1, 0, 1;
    %store/vec4 v0x7fffe924b7a0_0, 0, 1;
    %jmp T_11.16;
T_11.14 ;
    %pushi/vec4 1, 0, 1;
    %store/vec4 v0x7fffe924a8f0_0, 0, 1;
    %pushi/vec4 1, 0, 1;
    %store/vec4 v0x7fffe924aed0_0, 0, 1;
    %load/vec4 v0x7fffe924b3c0_0;
    %parti/s 1, 4, 4;
    %pad/u 32;
    %cmpi/e 0, 0, 32;
    %jmp/0xz  T_11.21, 4;
    %pushi/vec4 1, 0, 1;
    %store/vec4 v0x7fffe924b7a0_0, 0, 1;
T_11.21 ;
    %jmp T_11.16;
T_11.16 ;
    %pop/vec4 1;
    %jmp T_11.5;
T_11.4 ;
    %load/vec4 v0x7fffe924abc0_0;
    %cmpi/e 4, 0, 3;
    %jmp/0xz  T_11.23, 4;
    %load/vec4 v0x7fffe924b3c0_0;
    %parti/s 4, 12, 5;
    %cmpi/e 2, 0, 4;
    %jmp/0xz  T_11.25, 4;
    %pushi/vec4 1, 0, 1;
    %store/vec4 v0x7fffe924bb70_0, 0, 1;
    %pushi/vec4 1, 0, 1;
    %store/vec4 v0x7fffe924aed0_0, 0, 1;
    %pushi/vec4 1, 0, 1;
    %store/vec4 v0x7fffe924b870_0, 0, 1;
T_11.25 ;
T_11.23 ;
T_11.5 ;
T_11.3 ;
T_11.1 ;
    %jmp T_11;
    .thread T_11, $push;
    .scope S_0x7fffe9223410;
T_12 ;
    %delay 5, 0;
    %load/vec4 v0x7fffe924c090_0;
    %inv;
    %store/vec4 v0x7fffe924c090_0, 0, 1;
    %jmp T_12;
    .thread T_12;
    .scope S_0x7fffe9223410;
T_13 ;
    %pushi/vec4 0, 0, 1;
    %store/vec4 v0x7fffe924c090_0, 0, 1;
    %pushi/vec4 0, 0, 1;
    %store/vec4 v0x7fffe924c880_0, 0, 1;
    %pushi/vec4 0, 0, 1;
    %store/vec4 v0x7fffe924c920_0, 0, 1;
    %pushi/vec4 0, 0, 16;
    %store/vec4 v0x7fffe924c310_0, 0, 16;
    %delay 50, 0;
    %pushi/vec4 1, 0, 1;
    %store/vec4 v0x7fffe924c920_0, 0, 1;
    %delay 10, 0;
    %pushi/vec4 2, 0, 16;
    %store/vec4 v0x7fffe924c310_0, 0, 16;
    %delay 100, 0;
    %pushi/vec4 5, 0, 16;
    %store/vec4 v0x7fffe924c310_0, 0, 16;
    %delay 500, 0;
    %vpi_call 2 18 "$finish" {0 0 0};
    %end;
    .thread T_13;
    .scope S_0x7fffe9223410;
T_14 ;
    %vpi_call 2 22 "$monitor", "clk=%d, reset=%d, run=%d", v0x7fffe924c090_0, v0x7fffe924c880_0, v0x7fffe924c920_0 {0 0 0};
    %vpi_call 2 23 "$dumpfile", "tinycpu.vcd" {0 0 0};
    %vpi_call 2 24 "$dumpvars", 32'sb00000000000000000000000000000000, S_0x7fffe9223410 {0 0 0};
    %end;
    .thread T_14;
# The file index is used to find the file name in the following table.
:file_names 9;
    "N/A";
    "<interactive>";
    "tinycpu_test.v";
    "tinycpu.v";
    "alu.v";
    "counter.v";
    "ram.v";
    "stack.v";
    "state.v";
