#! /usr/local/bin/vvp
:ivl_version "12.0 (devel)" "(s20150603-1127-gcf0bf4d9)";
:ivl_delay_selection "TYPICAL";
:vpi_time_precision + 0;
:vpi_module "/usr/local/lib/ivl/system.vpi";
:vpi_module "/usr/local/lib/ivl/vhdl_sys.vpi";
:vpi_module "/usr/local/lib/ivl/vhdl_textio.vpi";
:vpi_module "/usr/local/lib/ivl/v2005_math.vpi";
:vpi_module "/usr/local/lib/ivl/va_math.vpi";
S_0x7fffbb9ef070 .scope module, "elelock_test" "elelock_test" 2 1;
 .timescale 0 0;
v0x7fffbba16ae0_0 .var "clk", 0 0;
v0x7fffbba16ba0_0 .var "close", 0 0;
v0x7fffbba16c40_0 .net "lock", 0 0, v0x7fffbba16720_0;  1 drivers
v0x7fffbba16d10_0 .var "reset", 0 0;
v0x7fffbba16de0_0 .var "tenkey", 9 0;
S_0x7fffbb9ef200 .scope module, "elelock" "elelock" 2 7, 3 1 0, S_0x7fffbb9ef070;
 .timescale 0 0;
    .port_info 0 /INPUT 1 "clk";
    .port_info 1 /INPUT 1 "reset";
    .port_info 2 /INPUT 10 "tenkey";
    .port_info 3 /INPUT 1 "close";
    .port_info 4 /OUTPUT 1 "lock";
P_0x7fffbb9e6270 .param/l "SECRET_0" 0 3 11, C4<0011>;
P_0x7fffbb9e62b0 .param/l "SECRET_1" 0 3 11, C4<0110>;
P_0x7fffbb9e62f0 .param/l "SECRET_2" 0 3 11, C4<1001>;
P_0x7fffbb9e6330 .param/l "SECRET_3" 0 3 11, C4<0101>;
L_0x7fffbb9e48a0 .functor AND 1, L_0x7fffbba16eb0, L_0x7fffbba17000, C4<1>, C4<1>;
L_0x7fffbb9e5190 .functor AND 1, L_0x7fffbb9e48a0, L_0x7fffbba171f0, C4<1>, C4<1>;
L_0x7fffbba17530 .functor AND 1, L_0x7fffbb9e5190, L_0x7fffbba173e0, C4<1>, C4<1>;
L_0x7fffbba17640 .functor NOT 1, v0x7fffbba16460_0, C4<0>, C4<0>, C4<0>;
L_0x7fffbba176e0 .functor AND 1, L_0x7fffbba17640, v0x7fffbba163a0_0, C4<1>, C4<1>;
L_0x7f841a9e0018 .functor BUFT 1, C4<0011>, C4<0>, C4<0>, C4<0>;
v0x7fffbb9e52f0_0 .net/2u *"_ivl_1", 3 0, L_0x7f841a9e0018;  1 drivers
v0x7fffbb9e53c0_0 .net *"_ivl_11", 0 0, L_0x7fffbb9e48a0;  1 drivers
L_0x7f841a9e00a8 .functor BUFT 1, C4<1001>, C4<0>, C4<0>, C4<0>;
v0x7fffbba15ab0_0 .net/2u *"_ivl_13", 3 0, L_0x7f841a9e00a8;  1 drivers
v0x7fffbba15b70_0 .net *"_ivl_15", 0 0, L_0x7fffbba171f0;  1 drivers
v0x7fffbba15c30_0 .net *"_ivl_18", 0 0, L_0x7fffbb9e5190;  1 drivers
L_0x7f841a9e00f0 .functor BUFT 1, C4<0101>, C4<0>, C4<0>, C4<0>;
v0x7fffbba15d40_0 .net/2u *"_ivl_20", 3 0, L_0x7f841a9e00f0;  1 drivers
v0x7fffbba15e20_0 .net *"_ivl_22", 0 0, L_0x7fffbba173e0;  1 drivers
v0x7fffbba15ee0_0 .net *"_ivl_26", 0 0, L_0x7fffbba17640;  1 drivers
v0x7fffbba15fc0_0 .net *"_ivl_3", 0 0, L_0x7fffbba16eb0;  1 drivers
L_0x7f841a9e0060 .functor BUFT 1, C4<0110>, C4<0>, C4<0>, C4<0>;
v0x7fffbba16080_0 .net/2u *"_ivl_6", 3 0, L_0x7f841a9e0060;  1 drivers
v0x7fffbba16160_0 .net *"_ivl_8", 0 0, L_0x7fffbba17000;  1 drivers
v0x7fffbba16220_0 .net "clk", 0 0, v0x7fffbba16ae0_0;  1 drivers
v0x7fffbba162e0_0 .net "close", 0 0, v0x7fffbba16ba0_0;  1 drivers
v0x7fffbba163a0_0 .var "ke1", 0 0;
v0x7fffbba16460_0 .var "ke2", 0 0;
v0x7fffbba16520 .array "key", 3 0, 3 0;
v0x7fffbba16660_0 .net "key_enbl", 0 0, L_0x7fffbba176e0;  1 drivers
v0x7fffbba16720_0 .var "lock", 0 0;
v0x7fffbba167e0_0 .net "match", 0 0, L_0x7fffbba17530;  1 drivers
v0x7fffbba168a0_0 .net "reset", 0 0, v0x7fffbba16d10_0;  1 drivers
v0x7fffbba16960_0 .net "tenkey", 9 0, v0x7fffbba16de0_0;  1 drivers
E_0x7fffbb9efcf0 .event posedge, v0x7fffbba168a0_0, v0x7fffbba16220_0;
v0x7fffbba16520_0 .array/port v0x7fffbba16520, 0;
L_0x7fffbba16eb0 .cmp/eq 4, v0x7fffbba16520_0, L_0x7f841a9e0018;
v0x7fffbba16520_1 .array/port v0x7fffbba16520, 1;
L_0x7fffbba17000 .cmp/eq 4, v0x7fffbba16520_1, L_0x7f841a9e0060;
v0x7fffbba16520_2 .array/port v0x7fffbba16520, 2;
L_0x7fffbba171f0 .cmp/eq 4, v0x7fffbba16520_2, L_0x7f841a9e00a8;
v0x7fffbba16520_3 .array/port v0x7fffbba16520, 3;
L_0x7fffbba173e0 .cmp/eq 4, v0x7fffbba16520_3, L_0x7f841a9e00f0;
S_0x7fffbb9e76c0 .scope function.vec4.s4, "keyenc" "keyenc" 3 58, 3 58 0, S_0x7fffbb9ef200;
 .timescale 0 0;
; Variable keyenc is vec4 return value of scope S_0x7fffbb9e76c0
v0x7fffbb9e4a60_0 .var "sw", 9 0;
TD_elelock_test.elelock.keyenc ;
    %load/vec4 v0x7fffbb9e4a60_0;
    %dup/vec4;
    %pushi/vec4 1, 0, 10;
    %cmp/u;
    %jmp/1 T_0.0, 6;
    %dup/vec4;
    %pushi/vec4 2, 0, 10;
    %cmp/u;
    %jmp/1 T_0.1, 6;
    %dup/vec4;
    %pushi/vec4 4, 0, 10;
    %cmp/u;
    %jmp/1 T_0.2, 6;
    %dup/vec4;
    %pushi/vec4 8, 0, 10;
    %cmp/u;
    %jmp/1 T_0.3, 6;
    %dup/vec4;
    %pushi/vec4 16, 0, 10;
    %cmp/u;
    %jmp/1 T_0.4, 6;
    %dup/vec4;
    %pushi/vec4 32, 0, 10;
    %cmp/u;
    %jmp/1 T_0.5, 6;
    %dup/vec4;
    %pushi/vec4 64, 0, 10;
    %cmp/u;
    %jmp/1 T_0.6, 6;
    %dup/vec4;
    %pushi/vec4 128, 0, 10;
    %cmp/u;
    %jmp/1 T_0.7, 6;
    %dup/vec4;
    %pushi/vec4 256, 0, 10;
    %cmp/u;
    %jmp/1 T_0.8, 6;
    %dup/vec4;
    %pushi/vec4 512, 0, 10;
    %cmp/u;
    %jmp/1 T_0.9, 6;
    %jmp T_0.10;
T_0.0 ;
    %pushi/vec4 0, 0, 4;
    %ret/vec4 0, 0, 4;  Assign to keyenc (store_vec4_to_lval)
    %jmp T_0.10;
T_0.1 ;
    %pushi/vec4 1, 0, 4;
    %ret/vec4 0, 0, 4;  Assign to keyenc (store_vec4_to_lval)
    %jmp T_0.10;
T_0.2 ;
    %pushi/vec4 2, 0, 4;
    %ret/vec4 0, 0, 4;  Assign to keyenc (store_vec4_to_lval)
    %jmp T_0.10;
T_0.3 ;
    %pushi/vec4 3, 0, 4;
    %ret/vec4 0, 0, 4;  Assign to keyenc (store_vec4_to_lval)
    %jmp T_0.10;
T_0.4 ;
    %pushi/vec4 4, 0, 4;
    %ret/vec4 0, 0, 4;  Assign to keyenc (store_vec4_to_lval)
    %jmp T_0.10;
T_0.5 ;
    %pushi/vec4 5, 0, 4;
    %ret/vec4 0, 0, 4;  Assign to keyenc (store_vec4_to_lval)
    %jmp T_0.10;
T_0.6 ;
    %pushi/vec4 6, 0, 4;
    %ret/vec4 0, 0, 4;  Assign to keyenc (store_vec4_to_lval)
    %jmp T_0.10;
T_0.7 ;
    %pushi/vec4 7, 0, 4;
    %ret/vec4 0, 0, 4;  Assign to keyenc (store_vec4_to_lval)
    %jmp T_0.10;
T_0.8 ;
    %pushi/vec4 8, 0, 4;
    %ret/vec4 0, 0, 4;  Assign to keyenc (store_vec4_to_lval)
    %jmp T_0.10;
T_0.9 ;
    %pushi/vec4 9, 0, 4;
    %ret/vec4 0, 0, 4;  Assign to keyenc (store_vec4_to_lval)
    %jmp T_0.10;
T_0.10 ;
    %pop/vec4 1;
    %end;
    .scope S_0x7fffbb9ef200;
T_1 ;
    %wait E_0x7fffbb9efcf0;
    %load/vec4 v0x7fffbba168a0_0;
    %cmpi/e 1, 0, 1;
    %jmp/0xz  T_1.0, 4;
    %pushi/vec4 15, 0, 4;
    %ix/load 3, 3, 0;
    %flag_set/imm 4, 0;
    %ix/load 4, 0, 0; Constant delay
    %assign/vec4/a/d v0x7fffbba16520, 0, 4;
    %pushi/vec4 15, 0, 4;
    %ix/load 3, 2, 0;
    %flag_set/imm 4, 0;
    %ix/load 4, 0, 0; Constant delay
    %assign/vec4/a/d v0x7fffbba16520, 0, 4;
    %pushi/vec4 15, 0, 4;
    %ix/load 3, 1, 0;
    %flag_set/imm 4, 0;
    %ix/load 4, 0, 0; Constant delay
    %assign/vec4/a/d v0x7fffbba16520, 0, 4;
    %pushi/vec4 15, 0, 4;
    %ix/load 3, 0, 0;
    %flag_set/imm 4, 0;
    %ix/load 4, 0, 0; Constant delay
    %assign/vec4/a/d v0x7fffbba16520, 0, 4;
    %jmp T_1.1;
T_1.0 ;
    %load/vec4 v0x7fffbba162e0_0;
    %cmpi/e 1, 0, 1;
    %jmp/0xz  T_1.2, 4;
    %pushi/vec4 15, 0, 4;
    %ix/load 3, 3, 0;
    %flag_set/imm 4, 0;
    %ix/load 4, 0, 0; Constant delay
    %assign/vec4/a/d v0x7fffbba16520, 0, 4;
    %pushi/vec4 15, 0, 4;
    %ix/load 3, 2, 0;
    %flag_set/imm 4, 0;
    %ix/load 4, 0, 0; Constant delay
    %assign/vec4/a/d v0x7fffbba16520, 0, 4;
    %pushi/vec4 15, 0, 4;
    %ix/load 3, 1, 0;
    %flag_set/imm 4, 0;
    %ix/load 4, 0, 0; Constant delay
    %assign/vec4/a/d v0x7fffbba16520, 0, 4;
    %pushi/vec4 15, 0, 4;
    %ix/load 3, 0, 0;
    %flag_set/imm 4, 0;
    %ix/load 4, 0, 0; Constant delay
    %assign/vec4/a/d v0x7fffbba16520, 0, 4;
    %jmp T_1.3;
T_1.2 ;
    %load/vec4 v0x7fffbba16660_0;
    %cmpi/e 1, 0, 1;
    %jmp/0xz  T_1.4, 4;
    %ix/load 4, 2, 0;
    %flag_set/imm 4, 0;
    %load/vec4a v0x7fffbba16520, 4;
    %ix/load 3, 3, 0;
    %flag_set/imm 4, 0;
    %ix/load 4, 0, 0; Constant delay
    %assign/vec4/a/d v0x7fffbba16520, 0, 4;
    %ix/load 4, 1, 0;
    %flag_set/imm 4, 0;
    %load/vec4a v0x7fffbba16520, 4;
    %ix/load 3, 2, 0;
    %flag_set/imm 4, 0;
    %ix/load 4, 0, 0; Constant delay
    %assign/vec4/a/d v0x7fffbba16520, 0, 4;
    %ix/load 4, 0, 0;
    %flag_set/imm 4, 0;
    %load/vec4a v0x7fffbba16520, 4;
    %ix/load 3, 1, 0;
    %flag_set/imm 4, 0;
    %ix/load 4, 0, 0; Constant delay
    %assign/vec4/a/d v0x7fffbba16520, 0, 4;
    %load/vec4 v0x7fffbba16960_0;
    %store/vec4 v0x7fffbb9e4a60_0, 0, 10;
    %callf/vec4 TD_elelock_test.elelock.keyenc, S_0x7fffbb9e76c0;
    %ix/load 3, 0, 0;
    %flag_set/imm 4, 0;
    %ix/load 4, 0, 0; Constant delay
    %assign/vec4/a/d v0x7fffbba16520, 0, 4;
T_1.4 ;
T_1.3 ;
T_1.1 ;
    %jmp T_1;
    .thread T_1;
    .scope S_0x7fffbb9ef200;
T_2 ;
    %wait E_0x7fffbb9efcf0;
    %load/vec4 v0x7fffbba168a0_0;
    %cmpi/e 1, 0, 1;
    %jmp/0xz  T_2.0, 4;
    %pushi/vec4 0, 0, 1;
    %assign/vec4 v0x7fffbba16460_0, 0;
    %pushi/vec4 0, 0, 1;
    %assign/vec4 v0x7fffbba163a0_0, 0;
    %jmp T_2.1;
T_2.0 ;
    %load/vec4 v0x7fffbba163a0_0;
    %assign/vec4 v0x7fffbba16460_0, 0;
    %load/vec4 v0x7fffbba16960_0;
    %or/r;
    %assign/vec4 v0x7fffbba163a0_0, 0;
T_2.1 ;
    %jmp T_2;
    .thread T_2;
    .scope S_0x7fffbb9ef200;
T_3 ;
    %wait E_0x7fffbb9efcf0;
    %load/vec4 v0x7fffbba168a0_0;
    %cmpi/e 1, 0, 1;
    %jmp/0xz  T_3.0, 4;
    %pushi/vec4 1, 0, 1;
    %assign/vec4 v0x7fffbba16720_0, 0;
    %jmp T_3.1;
T_3.0 ;
    %load/vec4 v0x7fffbba162e0_0;
    %cmpi/e 1, 0, 1;
    %jmp/0xz  T_3.2, 4;
    %pushi/vec4 1, 0, 1;
    %assign/vec4 v0x7fffbba16720_0, 0;
    %jmp T_3.3;
T_3.2 ;
    %load/vec4 v0x7fffbba167e0_0;
    %cmpi/e 1, 0, 1;
    %jmp/0xz  T_3.4, 4;
    %pushi/vec4 0, 0, 1;
    %assign/vec4 v0x7fffbba16720_0, 0;
T_3.4 ;
T_3.3 ;
T_3.1 ;
    %jmp T_3;
    .thread T_3;
    .scope S_0x7fffbb9ef070;
T_4 ;
    %delay 5, 0;
    %load/vec4 v0x7fffbba16ae0_0;
    %inv;
    %store/vec4 v0x7fffbba16ae0_0, 0, 1;
    %jmp T_4;
    .thread T_4;
    .scope S_0x7fffbb9ef070;
T_5 ;
    %pushi/vec4 0, 0, 1;
    %store/vec4 v0x7fffbba16ae0_0, 0, 1;
    %pushi/vec4 0, 0, 1;
    %store/vec4 v0x7fffbba16d10_0, 0, 1;
    %delay 150, 0;
    %vpi_call 2 13 "$finish" {0 0 0};
    %end;
    .thread T_5;
    .scope S_0x7fffbb9ef070;
T_6 ;
    %vpi_call 2 17 "$monitor", "CLK=%d, RES=%d, Q=%d", v0x7fffbba16ae0_0, v0x7fffbba16d10_0, v0x7fffbba16c40_0 {0 0 0};
    %vpi_call 2 18 "$dumpfile", "elelock.vcd" {0 0 0};
    %vpi_call 2 19 "$dumpvars", 32'sb00000000000000000000000000000000, S_0x7fffbb9ef070 {0 0 0};
    %end;
    .thread T_6;
# The file index is used to find the file name in the following table.
:file_names 4;
    "N/A";
    "<interactive>";
    "elelock_test.v";
    "elelock.v";
